<?xml version="1.0" encoding="UTF-8"?>
<coverage generated="1683035583144" clover="3.2.0">
  <project timestamp="1683035583144" name="All files">
    <metrics statements="37" coveredstatements="37" conditionals="22" coveredconditionals="22" methods="13" coveredmethods="13" elements="72" coveredelements="72" complexity="0" loc="37" ncloc="37" packages="4" files="15" classes="15"/>
    <package name="foodDeliveryApp">
      <metrics statements="5" coveredstatements="5" conditionals="2" coveredconditionals="2" methods="4" coveredmethods="4"/>
      <file name="App.tsx" path="/home/amol/dev/foodDeliveryApp/App.tsx">
        <metrics statements="5" coveredstatements="5" conditionals="2" coveredconditionals="2" methods="4" coveredmethods="4"/>
        <line num="10" count="2" type="stmt"/>
        <line num="11" count="2" type="stmt"/>
        <line num="14" count="2" type="stmt"/>
        <line num="15" count="1" type="stmt"/>
        <line num="19" count="3" type="cond" truecount="2" falsecount="0"/>
      </file>
    </package>
    <package name="foodDeliveryApp.src.assets">
      <metrics statements="11" coveredstatements="11" conditionals="0" coveredconditionals="0" methods="0" coveredmethods="0"/>
      <file name="backImg.png" path="/home/amol/dev/foodDeliveryApp/src/assets/backImg.png">
        <metrics statements="1" coveredstatements="1" conditionals="0" coveredconditionals="0" methods="0" coveredmethods="0"/>
        <line num="1" count="2" type="stmt"/>
      </file>
      <file name="bigBurger.png" path="/home/amol/dev/foodDeliveryApp/src/assets/bigBurger.png">
        <metrics statements="1" coveredstatements="1" conditionals="0" coveredconditionals="0" methods="0" coveredmethods="0"/>
        <line num="1" count="2" type="stmt"/>
      </file>
      <file name="deliveryMan.png" path="/home/amol/dev/foodDeliveryApp/src/assets/deliveryMan.png">
        <metrics statements="1" coveredstatements="1" conditionals="0" coveredconditionals="0" methods="0" coveredmethods="0"/>
        <line num="1" count="2" type="stmt"/>
      </file>
      <file name="fourthBkg.png" path="/home/amol/dev/foodDeliveryApp/src/assets/fourthBkg.png">
        <metrics statements="1" coveredstatements="1" conditionals="0" coveredconditionals="0" methods="0" coveredmethods="0"/>
        <line num="1" count="2" type="stmt"/>
      </file>
      <file name="onbordBkgImgChef.png" path="/home/amol/dev/foodDeliveryApp/src/assets/onbordBkgImgChef.png">
        <metrics statements="1" coveredstatements="1" conditionals="0" coveredconditionals="0" methods="0" coveredmethods="0"/>
        <line num="1" count="2" type="stmt"/>
      </file>
      <file name="onbordBkgImgOne.png" path="/home/amol/dev/foodDeliveryApp/src/assets/onbordBkgImgOne.png">
        <metrics statements="1" coveredstatements="1" conditionals="0" coveredconditionals="0" methods="0" coveredmethods="0"/>
        <line num="1" count="2" type="stmt"/>
      </file>
      <file name="rightArrow.png" path="/home/amol/dev/foodDeliveryApp/src/assets/rightArrow.png">
        <metrics statements="1" coveredstatements="1" conditionals="0" coveredconditionals="0" methods="0" coveredmethods="0"/>
        <line num="1" count="2" type="stmt"/>
      </file>
      <file name="skip.png" path="/home/amol/dev/foodDeliveryApp/src/assets/skip.png">
        <metrics statements="1" coveredstatements="1" conditionals="0" coveredconditionals="0" methods="0" coveredmethods="0"/>
        <line num="1" count="2" type="stmt"/>
      </file>
      <file name="splashImgOne.png" path="/home/amol/dev/foodDeliveryApp/src/assets/splashImgOne.png">
        <metrics statements="1" coveredstatements="1" conditionals="0" coveredconditionals="0" methods="0" coveredmethods="0"/>
        <line num="1" count="2" type="stmt"/>
      </file>
      <file name="splashImgTwo.png" path="/home/amol/dev/foodDeliveryApp/src/assets/splashImgTwo.png">
        <metrics statements="1" coveredstatements="1" conditionals="0" coveredconditionals="0" methods="0" coveredmethods="0"/>
        <line num="1" count="2" type="stmt"/>
      </file>
      <file name="thirdBkg.png" path="/home/amol/dev/foodDeliveryApp/src/assets/thirdBkg.png">
        <metrics statements="1" coveredstatements="1" conditionals="0" coveredconditionals="0" methods="0" coveredmethods="0"/>
        <line num="1" count="2" type="stmt"/>
      </file>
    </package>
    <package name="foodDeliveryApp.src.components">
      <metrics statements="20" coveredstatements="20" conditionals="20" coveredconditionals="20" methods="9" coveredmethods="9"/>
      <file name="Onbording.tsx" path="/home/amol/dev/foodDeliveryApp/src/components/Onbording.tsx">
        <metrics statements="18" coveredstatements="18" conditionals="20" coveredconditionals="20" methods="8" coveredmethods="8"/>
        <line num="11" count="2" type="stmt"/>
        <line num="47" count="4" type="stmt"/>
        <line num="48" count="4" type="stmt"/>
        <line num="52" count="4" type="stmt"/>
        <line num="53" count="4" type="stmt"/>
        <line num="57" count="4" type="stmt"/>
        <line num="59" count="4" type="stmt"/>
        <line num="60" count="4" type="stmt"/>
        <line num="61" count="4" type="cond" truecount="2" falsecount="0"/>
        <line num="62" count="4" type="stmt"/>
        <line num="64" count="4" type="stmt"/>
        <line num="65" count="4" type="stmt"/>
        <line num="66" count="4" type="cond" truecount="2" falsecount="0"/>
        <line num="67" count="4" type="stmt"/>
        <line num="70" count="12" type="stmt"/>
        <line num="71" count="12" type="stmt"/>
        <line num="97" count="4" type="stmt"/>
        <line num="130" count="2" type="stmt"/>
      </file>
      <file name="SplashScreen.tsx" path="/home/amol/dev/foodDeliveryApp/src/components/SplashScreen.tsx">
        <metrics statements="2" coveredstatements="2" conditionals="0" coveredconditionals="0" methods="1" coveredmethods="1"/>
        <line num="6" count="3" type="stmt"/>
        <line num="23" count="2" type="stmt"/>
      </file>
    </package>
    <package name="foodDeliveryApp.src.constants">
      <metrics statements="1" coveredstatements="1" conditionals="0" coveredconditionals="0" methods="0" coveredmethods="0"/>
      <file name="ScreenDimentions.tsx" path="/home/amol/dev/foodDeliveryApp/src/constants/ScreenDimentions.tsx">
        <metrics statements="1" coveredstatements="1" conditionals="0" coveredconditionals="0" methods="0" coveredmethods="0"/>
        <line num="3" count="3" type="stmt"/>
      </file>
    </package>
  </project>
</coverage>
