{"/home/amol/dev/foodDeliveryApp/App.tsx": {"path":"/home/amol/dev/foodDeliveryApp/App.tsx","statementMap":{"0":{"start":{"line":10,"column":4},"end":{"line":10,"column":17}},"1":{"start":{"line":11,"column":4},"end":{"line":11,"column":32}},"2":{"start":{"line":14,"column":4},"end":{"line":16,"column":13}},"3":{"start":{"line":15,"column":6},"end":{"line":15,"column":37}},"4":{"start":{"line":19,"column":4},"end":{"line":19,"column":64}}},"fnMap":{"0":{"name":"(anonymous_0)","decl":{"start":{"line":9,"column":2},"end":{"line":9,"column":3}},"loc":{"start":{"line":9,"column":31},"end":{"line":12,"column":3}},"line":9},"1":{"name":"(anonymous_1)","decl":{"start":{"line":13,"column":2},"end":{"line":13,"column":3}},"loc":{"start":{"line":13,"column":28},"end":{"line":17,"column":3}},"line":13},"2":{"name":"(anonymous_2)","decl":{"start":{"line":14,"column":15},"end":{"line":14,"column":16}},"loc":{"start":{"line":14,"column":21},"end":{"line":16,"column":5}},"line":14},"3":{"name":"(anonymous_3)","decl":{"start":{"line":18,"column":2},"end":{"line":18,"column":3}},"loc":{"start":{"line":18,"column":11},"end":{"line":20,"column":3}},"line":18}},"branchMap":{"0":{"loc":{"start":{"line":19,"column":11},"end":{"line":19,"column":63}},"type":"cond-expr","locations":[{"start":{"line":19,"column":31},"end":{"line":19,"column":47}},{"start":{"line":19,"column":50},"end":{"line":19,"column":63}}],"line":19}},"s":{"0":2,"1":2,"2":2,"3":1,"4":3},"f":{"0":2,"1":2,"2":1,"3":3},"b":{"0":[2,1]},"_coverageSchema":"1a1c01bbd47fc00a2c39e90264f33305004495a9","hash":"190f33f0d46a6059873eab3f6cd4fd6e2738be45"}
,"/home/amol/dev/foodDeliveryApp/src/assets/backImg.png": {"path":"/home/amol/dev/foodDeliveryApp/src/assets/backImg.png","statementMap":{"0":{"start":{"line":1,"column":0},"end":{"line":4,"column":6}}},"fnMap":{},"branchMap":{},"s":{"0":2},"f":{},"b":{},"_coverageSchema":"1a1c01bbd47fc00a2c39e90264f33305004495a9","hash":"05f69db5ff24210eee504a8e6d5042807f62fb8d"}
,"/home/amol/dev/foodDeliveryApp/src/assets/bigBurger.png": {"path":"/home/amol/dev/foodDeliveryApp/src/assets/bigBurger.png","statementMap":{"0":{"start":{"line":1,"column":0},"end":{"line":4,"column":6}}},"fnMap":{},"branchMap":{},"s":{"0":2},"f":{},"b":{},"_coverageSchema":"1a1c01bbd47fc00a2c39e90264f33305004495a9","hash":"0dc1e36a853a77eef07d605e4fbfa0b737fde65c"}
,"/home/amol/dev/foodDeliveryApp/src/assets/deliveryMan.png": {"path":"/home/amol/dev/foodDeliveryApp/src/assets/deliveryMan.png","statementMap":{"0":{"start":{"line":1,"column":0},"end":{"line":4,"column":6}}},"fnMap":{},"branchMap":{},"s":{"0":2},"f":{},"b":{},"_coverageSchema":"1a1c01bbd47fc00a2c39e90264f33305004495a9","hash":"6a2c4525368d59f53c0e0c48e6faf72cd77d5bcf"}
,"/home/amol/dev/foodDeliveryApp/src/assets/fourthBkg.png": {"path":"/home/amol/dev/foodDeliveryApp/src/assets/fourthBkg.png","statementMap":{"0":{"start":{"line":1,"column":0},"end":{"line":4,"column":6}}},"fnMap":{},"branchMap":{},"s":{"0":2},"f":{},"b":{},"_coverageSchema":"1a1c01bbd47fc00a2c39e90264f33305004495a9","hash":"3a15bfcc4128c9136772e861f0d2978192248997"}
,"/home/amol/dev/foodDeliveryApp/src/assets/onbordBkgImgChef.png": {"path":"/home/amol/dev/foodDeliveryApp/src/assets/onbordBkgImgChef.png","statementMap":{"0":{"start":{"line":1,"column":0},"end":{"line":4,"column":6}}},"fnMap":{},"branchMap":{},"s":{"0":2},"f":{},"b":{},"_coverageSchema":"1a1c01bbd47fc00a2c39e90264f33305004495a9","hash":"601778948dcbf1e2151f62509164b41b5f0848cd"}
,"/home/amol/dev/foodDeliveryApp/src/assets/onbordBkgImgOne.png": {"path":"/home/amol/dev/foodDeliveryApp/src/assets/onbordBkgImgOne.png","statementMap":{"0":{"start":{"line":1,"column":0},"end":{"line":4,"column":6}}},"fnMap":{},"branchMap":{},"s":{"0":2},"f":{},"b":{},"_coverageSchema":"1a1c01bbd47fc00a2c39e90264f33305004495a9","hash":"8db8ab8b823630920ef48b090baa166a3a0c70a5"}
,"/home/amol/dev/foodDeliveryApp/src/assets/rightArrow.png": {"path":"/home/amol/dev/foodDeliveryApp/src/assets/rightArrow.png","statementMap":{"0":{"start":{"line":1,"column":0},"end":{"line":4,"column":6}}},"fnMap":{},"branchMap":{},"s":{"0":2},"f":{},"b":{},"_coverageSchema":"1a1c01bbd47fc00a2c39e90264f33305004495a9","hash":"c4e9b9f2115d9d12a2316204f6d108b75d0a762e"}
,"/home/amol/dev/foodDeliveryApp/src/assets/skip.png": {"path":"/home/amol/dev/foodDeliveryApp/src/assets/skip.png","statementMap":{"0":{"start":{"line":1,"column":0},"end":{"line":4,"column":6}}},"fnMap":{},"branchMap":{},"s":{"0":2},"f":{},"b":{},"_coverageSchema":"1a1c01bbd47fc00a2c39e90264f33305004495a9","hash":"57ed352bb152143e92f1bfca37d821afebcc597f"}
,"/home/amol/dev/foodDeliveryApp/src/assets/splashImgOne.png": {"path":"/home/amol/dev/foodDeliveryApp/src/assets/splashImgOne.png","statementMap":{"0":{"start":{"line":1,"column":0},"end":{"line":4,"column":6}}},"fnMap":{},"branchMap":{},"s":{"0":2},"f":{},"b":{},"_coverageSchema":"1a1c01bbd47fc00a2c39e90264f33305004495a9","hash":"9642a094fa127a6f61b4003453d9608f12c75069"}
,"/home/amol/dev/foodDeliveryApp/src/assets/splashImgTwo.png": {"path":"/home/amol/dev/foodDeliveryApp/src/assets/splashImgTwo.png","statementMap":{"0":{"start":{"line":1,"column":0},"end":{"line":4,"column":6}}},"fnMap":{},"branchMap":{},"s":{"0":2},"f":{},"b":{},"_coverageSchema":"1a1c01bbd47fc00a2c39e90264f33305004495a9","hash":"cf4a3955aa4ddf6824096e0acd7730bd43aa4d4a"}
,"/home/amol/dev/foodDeliveryApp/src/assets/thirdBkg.png": {"path":"/home/amol/dev/foodDeliveryApp/src/assets/thirdBkg.png","statementMap":{"0":{"start":{"line":1,"column":0},"end":{"line":4,"column":6}}},"fnMap":{},"branchMap":{},"s":{"0":2},"f":{},"b":{},"_coverageSchema":"1a1c01bbd47fc00a2c39e90264f33305004495a9","hash":"255054951065f5f7042dc92f1f1292459c4d79aa"}
,"/home/amol/dev/foodDeliveryApp/src/components/Onbording.tsx": {"path":"/home/amol/dev/foodDeliveryApp/src/components/Onbording.tsx","statementMap":{"0":{"start":{"line":11,"column":13},"end":{"line":40,"column":1}},"1":{"start":{"line":47,"column":4},"end":{"line":47,"column":17}},"2":{"start":{"line":48,"column":4},"end":{"line":48,"column":32}},"3":{"start":{"line":52,"column":4},"end":{"line":54,"column":13}},"4":{"start":{"line":53,"column":6},"end":{"line":53,"column":29}},"5":{"start":{"line":57,"column":4},"end":{"line":57,"column":33}},"6":{"start":{"line":59,"column":20},"end":{"line":63,"column":3}},"7":{"start":{"line":60,"column":24},"end":{"line":60,"column":34}},"8":{"start":{"line":61,"column":22},"end":{"line":61,"column":71}},"9":{"start":{"line":62,"column":4},"end":{"line":62,"column":42}},"10":{"start":{"line":64,"column":19},"end":{"line":68,"column":3}},"11":{"start":{"line":65,"column":24},"end":{"line":65,"column":34}},"12":{"start":{"line":66,"column":22},"end":{"line":66,"column":71}},"13":{"start":{"line":67,"column":4},"end":{"line":67,"column":42}},"14":{"start":{"line":70,"column":24},"end":{"line":70,"column":34}},"15":{"start":{"line":71,"column":4},"end":{"line":127,"column":6}},"16":{"start":{"line":97,"column":29},"end":{"line":97,"column":50}},"17":{"start":{"line":130,"column":15},"end":{"line":221,"column":2}}},"fnMap":{"0":{"name":"(anonymous_0)","decl":{"start":{"line":46,"column":2},"end":{"line":46,"column":3}},"loc":{"start":{"line":46,"column":37},"end":{"line":49,"column":3}},"line":46},"1":{"name":"(anonymous_1)","decl":{"start":{"line":51,"column":2},"end":{"line":51,"column":3}},"loc":{"start":{"line":51,"column":28},"end":{"line":55,"column":3}},"line":51},"2":{"name":"(anonymous_2)","decl":{"start":{"line":52,"column":32},"end":{"line":52,"column":33}},"loc":{"start":{"line":52,"column":38},"end":{"line":54,"column":5}},"line":52},"3":{"name":"(anonymous_3)","decl":{"start":{"line":56,"column":2},"end":{"line":56,"column":3}},"loc":{"start":{"line":56,"column":31},"end":{"line":58,"column":3}},"line":56},"4":{"name":"(anonymous_4)","decl":{"start":{"line":59,"column":20},"end":{"line":59,"column":21}},"loc":{"start":{"line":59,"column":26},"end":{"line":63,"column":3}},"line":59},"5":{"name":"(anonymous_5)","decl":{"start":{"line":64,"column":19},"end":{"line":64,"column":20}},"loc":{"start":{"line":64,"column":25},"end":{"line":68,"column":3}},"line":64},"6":{"name":"(anonymous_6)","decl":{"start":{"line":69,"column":2},"end":{"line":69,"column":3}},"loc":{"start":{"line":69,"column":11},"end":{"line":128,"column":3}},"line":69},"7":{"name":"(anonymous_7)","decl":{"start":{"line":97,"column":23},"end":{"line":97,"column":24}},"loc":{"start":{"line":97,"column":29},"end":{"line":97,"column":50}},"line":97}},"branchMap":{"0":{"loc":{"start":{"line":61,"column":22},"end":{"line":61,"column":71}},"type":"cond-expr","locations":[{"start":{"line":61,"column":54},"end":{"line":61,"column":55}},{"start":{"line":61,"column":58},"end":{"line":61,"column":71}}],"line":61},"1":{"loc":{"start":{"line":66,"column":22},"end":{"line":66,"column":71}},"type":"cond-expr","locations":[{"start":{"line":66,"column":54},"end":{"line":66,"column":55}},{"start":{"line":66,"column":58},"end":{"line":66,"column":71}}],"line":66},"2":{"loc":{"start":{"line":78,"column":14},"end":{"line":78,"column":73}},"type":"cond-expr","locations":[{"start":{"line":78,"column":32},"end":{"line":78,"column":41}},{"start":{"line":78,"column":44},"end":{"line":78,"column":73}}],"line":78},"3":{"loc":{"start":{"line":78,"column":44},"end":{"line":78,"column":73}},"type":"cond-expr","locations":[{"start":{"line":78,"column":62},"end":{"line":78,"column":68}},{"start":{"line":78,"column":71},"end":{"line":78,"column":73}}],"line":78},"4":{"loc":{"start":{"line":86,"column":9},"end":{"line":88,"column":9}},"type":"binary-expr","locations":[{"start":{"line":86,"column":9},"end":{"line":86,"column":43}},{"start":{"line":87,"column":10},"end":{"line":87,"column":55}}],"line":86},"5":{"loc":{"start":{"line":89,"column":9},"end":{"line":91,"column":9}},"type":"binary-expr","locations":[{"start":{"line":89,"column":9},"end":{"line":89,"column":45}},{"start":{"line":90,"column":10},"end":{"line":90,"column":79}}],"line":89},"6":{"loc":{"start":{"line":113,"column":22},"end":{"line":113,"column":77}},"type":"cond-expr","locations":[{"start":{"line":113,"column":40},"end":{"line":113,"column":56}},{"start":{"line":113,"column":59},"end":{"line":113,"column":77}}],"line":113},"7":{"loc":{"start":{"line":116,"column":22},"end":{"line":116,"column":77}},"type":"cond-expr","locations":[{"start":{"line":116,"column":40},"end":{"line":116,"column":56}},{"start":{"line":116,"column":59},"end":{"line":116,"column":77}}],"line":116},"8":{"loc":{"start":{"line":119,"column":22},"end":{"line":119,"column":77}},"type":"cond-expr","locations":[{"start":{"line":119,"column":40},"end":{"line":119,"column":56}},{"start":{"line":119,"column":59},"end":{"line":119,"column":77}}],"line":119},"9":{"loc":{"start":{"line":122,"column":22},"end":{"line":122,"column":77}},"type":"cond-expr","locations":[{"start":{"line":122,"column":40},"end":{"line":122,"column":56}},{"start":{"line":122,"column":59},"end":{"line":122,"column":77}}],"line":122}},"s":{"0":2,"1":4,"2":4,"3":4,"4":4,"5":4,"6":4,"7":4,"8":4,"9":4,"10":4,"11":4,"12":4,"13":4,"14":12,"15":12,"16":4,"17":2},"f":{"0":4,"1":4,"2":4,"3":4,"4":4,"5":4,"6":12,"7":4},"b":{"0":[1,3],"1":[1,3],"2":[6,6],"3":[2,4],"4":[12,8],"5":[12,6],"6":[6,6],"7":[2,10],"8":[2,10],"9":[2,10]},"_coverageSchema":"1a1c01bbd47fc00a2c39e90264f33305004495a9","hash":"a37fa238dbf65ee1f4b820b417121a4350851283"}
,"/home/amol/dev/foodDeliveryApp/src/components/SplashScreen.tsx": {"path":"/home/amol/dev/foodDeliveryApp/src/components/SplashScreen.tsx","statementMap":{"0":{"start":{"line":6,"column":4},"end":{"line":20,"column":6}},"1":{"start":{"line":23,"column":15},"end":{"line":27,"column":2}}},"fnMap":{"0":{"name":"(anonymous_0)","decl":{"start":{"line":5,"column":2},"end":{"line":5,"column":3}},"loc":{"start":{"line":5,"column":11},"end":{"line":21,"column":3}},"line":5}},"branchMap":{},"s":{"0":3,"1":2},"f":{"0":3},"b":{},"_coverageSchema":"1a1c01bbd47fc00a2c39e90264f33305004495a9","hash":"8d08a0854bf426af8816e4ef43e8a3d5003d4ebe"}
,"/home/amol/dev/foodDeliveryApp/src/constants/ScreenDimentions.tsx": {"path":"/home/amol/dev/foodDeliveryApp/src/constants/ScreenDimentions.tsx","statementMap":{"0":{"start":{"line":3,"column":31},"end":{"line":3,"column":55}}},"fnMap":{},"branchMap":{},"s":{"0":3},"f":{},"b":{},"_coverageSchema":"1a1c01bbd47fc00a2c39e90264f33305004495a9","hash":"53a7fa7b63529e056d9ae67230c2ebb71674996d"}
}
