{"/Users/trainingmentor01/Documents/amol/foodDeliveryApp/src/assets/backImg.png": {"path":"/Users/trainingmentor01/Documents/amol/foodDeliveryApp/src/assets/backImg.png","statementMap":{"0":{"start":{"line":1,"column":0},"end":{"line":4,"column":6}}},"fnMap":{},"branchMap":{},"s":{"0":1},"f":{},"b":{},"_coverageSchema":"1a1c01bbd47fc00a2c39e90264f33305004495a9","hash":"a31d034dd0cdaa67a82a7814b06564d5f6df147a"}
,"/Users/trainingmentor01/Documents/amol/foodDeliveryApp/src/assets/bigBurger.png": {"path":"/Users/trainingmentor01/Documents/amol/foodDeliveryApp/src/assets/bigBurger.png","statementMap":{"0":{"start":{"line":1,"column":0},"end":{"line":4,"column":6}}},"fnMap":{},"branchMap":{},"s":{"0":2},"f":{},"b":{},"_coverageSchema":"1a1c01bbd47fc00a2c39e90264f33305004495a9","hash":"9049a2123ad52e1c4dc8d360ce91e65d540638a8"}
,"/Users/trainingmentor01/Documents/amol/foodDeliveryApp/src/assets/deliveryMan.png": {"path":"/Users/trainingmentor01/Documents/amol/foodDeliveryApp/src/assets/deliveryMan.png","statementMap":{"0":{"start":{"line":1,"column":0},"end":{"line":4,"column":6}}},"fnMap":{},"branchMap":{},"s":{"0":2},"f":{},"b":{},"_coverageSchema":"1a1c01bbd47fc00a2c39e90264f33305004495a9","hash":"e6376ff740afdfa5ec4d5fef0562e285ca4505d4"}
,"/Users/trainingmentor01/Documents/amol/foodDeliveryApp/src/assets/fourthBkg.png": {"path":"/Users/trainingmentor01/Documents/amol/foodDeliveryApp/src/assets/fourthBkg.png","statementMap":{"0":{"start":{"line":1,"column":0},"end":{"line":4,"column":6}}},"fnMap":{},"branchMap":{},"s":{"0":2},"f":{},"b":{},"_coverageSchema":"1a1c01bbd47fc00a2c39e90264f33305004495a9","hash":"0337fce5bccc375dcc99ac75561c404f0f6c0807"}
,"/Users/trainingmentor01/Documents/amol/foodDeliveryApp/src/assets/onbordBkgImgChef.png": {"path":"/Users/trainingmentor01/Documents/amol/foodDeliveryApp/src/assets/onbordBkgImgChef.png","statementMap":{"0":{"start":{"line":1,"column":0},"end":{"line":4,"column":6}}},"fnMap":{},"branchMap":{},"s":{"0":2},"f":{},"b":{},"_coverageSchema":"1a1c01bbd47fc00a2c39e90264f33305004495a9","hash":"74d9baabe8c3dab299b99095ccb5e568ef17c8ab"}
,"/Users/trainingmentor01/Documents/amol/foodDeliveryApp/src/assets/onbordBkgImgOne.png": {"path":"/Users/trainingmentor01/Documents/amol/foodDeliveryApp/src/assets/onbordBkgImgOne.png","statementMap":{"0":{"start":{"line":1,"column":0},"end":{"line":4,"column":6}}},"fnMap":{},"branchMap":{},"s":{"0":2},"f":{},"b":{},"_coverageSchema":"1a1c01bbd47fc00a2c39e90264f33305004495a9","hash":"a818928c2a9b75e162d087635a8ced973074040d"}
,"/Users/trainingmentor01/Documents/amol/foodDeliveryApp/src/assets/rightArrow.png": {"path":"/Users/trainingmentor01/Documents/amol/foodDeliveryApp/src/assets/rightArrow.png","statementMap":{"0":{"start":{"line":1,"column":0},"end":{"line":4,"column":6}}},"fnMap":{},"branchMap":{},"s":{"0":1},"f":{},"b":{},"_coverageSchema":"1a1c01bbd47fc00a2c39e90264f33305004495a9","hash":"08d88a29e02f943c22cec226c93f5358e0bb1474"}
,"/Users/trainingmentor01/Documents/amol/foodDeliveryApp/src/assets/skip.png": {"path":"/Users/trainingmentor01/Documents/amol/foodDeliveryApp/src/assets/skip.png","statementMap":{"0":{"start":{"line":1,"column":0},"end":{"line":4,"column":6}}},"fnMap":{},"branchMap":{},"s":{"0":1},"f":{},"b":{},"_coverageSchema":"1a1c01bbd47fc00a2c39e90264f33305004495a9","hash":"e6dbe8124a631026d5a475ac4bec2a1f2a2a12fc"}
,"/Users/trainingmentor01/Documents/amol/foodDeliveryApp/src/assets/splashImgOne.png": {"path":"/Users/trainingmentor01/Documents/amol/foodDeliveryApp/src/assets/splashImgOne.png","statementMap":{"0":{"start":{"line":1,"column":0},"end":{"line":4,"column":6}}},"fnMap":{},"branchMap":{},"s":{"0":1},"f":{},"b":{},"_coverageSchema":"1a1c01bbd47fc00a2c39e90264f33305004495a9","hash":"25b1b8aeb26b78d6d1655f8d088a663599ac3b2d"}
,"/Users/trainingmentor01/Documents/amol/foodDeliveryApp/src/assets/splashImgTwo.png": {"path":"/Users/trainingmentor01/Documents/amol/foodDeliveryApp/src/assets/splashImgTwo.png","statementMap":{"0":{"start":{"line":1,"column":0},"end":{"line":4,"column":6}}},"fnMap":{},"branchMap":{},"s":{"0":1},"f":{},"b":{},"_coverageSchema":"1a1c01bbd47fc00a2c39e90264f33305004495a9","hash":"e70120f7b25175f8ba47c8404f65e8bc8f44f505"}
,"/Users/trainingmentor01/Documents/amol/foodDeliveryApp/src/assets/thirdBkg.png": {"path":"/Users/trainingmentor01/Documents/amol/foodDeliveryApp/src/assets/thirdBkg.png","statementMap":{"0":{"start":{"line":1,"column":0},"end":{"line":4,"column":6}}},"fnMap":{},"branchMap":{},"s":{"0":2},"f":{},"b":{},"_coverageSchema":"1a1c01bbd47fc00a2c39e90264f33305004495a9","hash":"34cf1e67145ba5e4f56b5155d9f2baf86a9134c5"}
,"/Users/trainingmentor01/Documents/amol/foodDeliveryApp/src/components/AllowLocation.tsx": {"path":"/Users/trainingmentor01/Documents/amol/foodDeliveryApp/src/components/AllowLocation.tsx","statementMap":{"0":{"start":{"line":6,"column":4},"end":{"line":22,"column":6}},"1":{"start":{"line":25,"column":15},"end":{"line":67,"column":2}}},"fnMap":{"0":{"name":"(anonymous_0)","decl":{"start":{"line":5,"column":2},"end":{"line":5,"column":3}},"loc":{"start":{"line":5,"column":11},"end":{"line":23,"column":3}},"line":5}},"branchMap":{},"s":{"0":0,"1":1},"f":{"0":0},"b":{},"_coverageSchema":"1a1c01bbd47fc00a2c39e90264f33305004495a9","hash":"91e55e976060647a8f75fb739f49682be85896cd"}
,"/Users/trainingmentor01/Documents/amol/foodDeliveryApp/src/components/Login.tsx": {"path":"/Users/trainingmentor01/Documents/amol/foodDeliveryApp/src/components/Login.tsx","statementMap":{"0":{"start":{"line":25,"column":4},"end":{"line":25,"column":17}},"1":{"start":{"line":26,"column":4},"end":{"line":26,"column":77}},"2":{"start":{"line":28,"column":17},"end":{"line":46,"column":3}},"3":{"start":{"line":34,"column":26},"end":{"line":34,"column":36}},"4":{"start":{"line":35,"column":4},"end":{"line":35,"column":22}},"5":{"start":{"line":37,"column":21},"end":{"line":37,"column":35}},"6":{"start":{"line":38,"column":20},"end":{"line":38,"column":29}},"7":{"start":{"line":39,"column":25},"end":{"line":39,"column":45}},"8":{"start":{"line":40,"column":24},"end":{"line":40,"column":42}},"9":{"start":{"line":41,"column":4},"end":{"line":45,"column":5}},"10":{"start":{"line":42,"column":6},"end":{"line":42,"column":49}},"11":{"start":{"line":44,"column":6},"end":{"line":44,"column":52}},"12":{"start":{"line":50,"column":4},"end":{"line":139,"column":6}},"13":{"start":{"line":66,"column":37},"end":{"line":66,"column":66}},"14":{"start":{"line":78,"column":16},"end":{"line":78,"column":38}},"15":{"start":{"line":84,"column":16},"end":{"line":84,"column":68}},"16":{"start":{"line":93,"column":33},"end":{"line":93,"column":66}},"17":{"start":{"line":114,"column":33},"end":{"line":114,"column":67}},"18":{"start":{"line":128,"column":29},"end":{"line":128,"column":48}},"19":{"start":{"line":133,"column":29},"end":{"line":133,"column":71}},"20":{"start":{"line":142,"column":15},"end":{"line":238,"column":2}}},"fnMap":{"0":{"name":"(anonymous_0)","decl":{"start":{"line":24,"column":2},"end":{"line":24,"column":3}},"loc":{"start":{"line":24,"column":33},"end":{"line":27,"column":3}},"line":24},"1":{"name":"(anonymous_1)","decl":{"start":{"line":28,"column":17},"end":{"line":28,"column":18}},"loc":{"start":{"line":28,"column":23},"end":{"line":46,"column":3}},"line":28},"2":{"name":"(anonymous_2)","decl":{"start":{"line":47,"column":2},"end":{"line":47,"column":3}},"loc":{"start":{"line":47,"column":11},"end":{"line":140,"column":3}},"line":47},"3":{"name":"(anonymous_3)","decl":{"start":{"line":66,"column":28},"end":{"line":66,"column":29}},"loc":{"start":{"line":66,"column":37},"end":{"line":66,"column":66}},"line":66},"4":{"name":"(anonymous_4)","decl":{"start":{"line":77,"column":29},"end":{"line":77,"column":30}},"loc":{"start":{"line":77,"column":37},"end":{"line":79,"column":15}},"line":77},"5":{"name":"(anonymous_5)","decl":{"start":{"line":83,"column":28},"end":{"line":83,"column":29}},"loc":{"start":{"line":83,"column":36},"end":{"line":85,"column":15}},"line":83},"6":{"name":"(anonymous_6)","decl":{"start":{"line":93,"column":27},"end":{"line":93,"column":28}},"loc":{"start":{"line":93,"column":33},"end":{"line":93,"column":66}},"line":93},"7":{"name":"(anonymous_7)","decl":{"start":{"line":114,"column":27},"end":{"line":114,"column":28}},"loc":{"start":{"line":114,"column":33},"end":{"line":114,"column":67}},"line":114},"8":{"name":"(anonymous_8)","decl":{"start":{"line":128,"column":23},"end":{"line":128,"column":24}},"loc":{"start":{"line":128,"column":29},"end":{"line":128,"column":48}},"line":128},"9":{"name":"(anonymous_9)","decl":{"start":{"line":133,"column":23},"end":{"line":133,"column":24}},"loc":{"start":{"line":133,"column":29},"end":{"line":133,"column":71}},"line":133}},"branchMap":{"0":{"loc":{"start":{"line":41,"column":4},"end":{"line":45,"column":5}},"type":"if","locations":[{"start":{"line":41,"column":4},"end":{"line":45,"column":5}},{"start":{"line":43,"column":11},"end":{"line":45,"column":5}}],"line":41},"1":{"loc":{"start":{"line":41,"column":8},"end":{"line":41,"column":35}},"type":"binary-expr","locations":[{"start":{"line":41,"column":8},"end":{"line":41,"column":19}},{"start":{"line":41,"column":23},"end":{"line":41,"column":35}}],"line":41},"2":{"loc":{"start":{"line":95,"column":20},"end":{"line":95,"column":77}},"type":"cond-expr","locations":[{"start":{"line":95,"column":44},"end":{"line":95,"column":57}},{"start":{"line":95,"column":60},"end":{"line":95,"column":77}}],"line":95},"3":{"loc":{"start":{"line":99,"column":22},"end":{"line":101,"column":48}},"type":"cond-expr","locations":[{"start":{"line":100,"column":26},"end":{"line":100,"column":44}},{"start":{"line":101,"column":26},"end":{"line":101,"column":48}}],"line":99},"4":{"loc":{"start":{"line":110,"column":20},"end":{"line":112,"column":41}},"type":"cond-expr","locations":[{"start":{"line":111,"column":24},"end":{"line":111,"column":37}},{"start":{"line":112,"column":24},"end":{"line":112,"column":41}}],"line":110},"5":{"loc":{"start":{"line":117,"column":22},"end":{"line":119,"column":48}},"type":"cond-expr","locations":[{"start":{"line":118,"column":26},"end":{"line":118,"column":44}},{"start":{"line":119,"column":26},"end":{"line":119,"column":48}}],"line":117}},"s":{"0":0,"1":0,"2":0,"3":0,"4":0,"5":0,"6":0,"7":0,"8":0,"9":0,"10":0,"11":0,"12":0,"13":0,"14":0,"15":0,"16":0,"17":0,"18":0,"19":0,"20":1},"f":{"0":0,"1":0,"2":0,"3":0,"4":0,"5":0,"6":0,"7":0,"8":0,"9":0},"b":{"0":[0,0],"1":[0,0],"2":[0,0],"3":[0,0],"4":[0,0],"5":[0,0]},"_coverageSchema":"1a1c01bbd47fc00a2c39e90264f33305004495a9","hash":"1ff7a3cbd71697adb410e7afcb4e9b33350e50cf"}
,"/Users/trainingmentor01/Documents/amol/foodDeliveryApp/src/components/Onbording.tsx": {"path":"/Users/trainingmentor01/Documents/amol/foodDeliveryApp/src/components/Onbording.tsx","statementMap":{"0":{"start":{"line":11,"column":13},"end":{"line":40,"column":1}},"1":{"start":{"line":49,"column":4},"end":{"line":49,"column":17}},"2":{"start":{"line":50,"column":4},"end":{"line":50,"column":32}},"3":{"start":{"line":66,"column":19},"end":{"line":74,"column":3}},"4":{"start":{"line":67,"column":24},"end":{"line":67,"column":34}},"5":{"start":{"line":68,"column":4},"end":{"line":73,"column":5}},"6":{"start":{"line":69,"column":24},"end":{"line":69,"column":37}},"7":{"start":{"line":70,"column":6},"end":{"line":70,"column":44}},"8":{"start":{"line":72,"column":6},"end":{"line":72,"column":46}},"9":{"start":{"line":76,"column":24},"end":{"line":76,"column":34}},"10":{"start":{"line":77,"column":4},"end":{"line":138,"column":6}},"11":{"start":{"line":90,"column":25},"end":{"line":90,"column":64}},"12":{"start":{"line":108,"column":29},"end":{"line":108,"column":50}},"13":{"start":{"line":141,"column":15},"end":{"line":232,"column":2}}},"fnMap":{"0":{"name":"(anonymous_0)","decl":{"start":{"line":48,"column":2},"end":{"line":48,"column":3}},"loc":{"start":{"line":48,"column":37},"end":{"line":51,"column":3}},"line":48},"1":{"name":"(anonymous_1)","decl":{"start":{"line":66,"column":19},"end":{"line":66,"column":20}},"loc":{"start":{"line":66,"column":25},"end":{"line":74,"column":3}},"line":66},"2":{"name":"(anonymous_2)","decl":{"start":{"line":75,"column":2},"end":{"line":75,"column":3}},"loc":{"start":{"line":75,"column":11},"end":{"line":139,"column":3}},"line":75},"3":{"name":"(anonymous_3)","decl":{"start":{"line":90,"column":19},"end":{"line":90,"column":20}},"loc":{"start":{"line":90,"column":25},"end":{"line":90,"column":64}},"line":90},"4":{"name":"(anonymous_4)","decl":{"start":{"line":108,"column":23},"end":{"line":108,"column":24}},"loc":{"start":{"line":108,"column":29},"end":{"line":108,"column":50}},"line":108}},"branchMap":{"0":{"loc":{"start":{"line":68,"column":4},"end":{"line":73,"column":5}},"type":"if","locations":[{"start":{"line":68,"column":4},"end":{"line":73,"column":5}},{"start":{"line":71,"column":11},"end":{"line":73,"column":5}}],"line":68},"1":{"loc":{"start":{"line":84,"column":14},"end":{"line":84,"column":73}},"type":"cond-expr","locations":[{"start":{"line":84,"column":32},"end":{"line":84,"column":41}},{"start":{"line":84,"column":44},"end":{"line":84,"column":73}}],"line":84},"2":{"loc":{"start":{"line":84,"column":44},"end":{"line":84,"column":73}},"type":"cond-expr","locations":[{"start":{"line":84,"column":62},"end":{"line":84,"column":68}},{"start":{"line":84,"column":71},"end":{"line":84,"column":73}}],"line":84},"3":{"loc":{"start":{"line":94,"column":9},"end":{"line":99,"column":9}},"type":"binary-expr","locations":[{"start":{"line":94,"column":9},"end":{"line":94,"column":43}},{"start":{"line":95,"column":10},"end":{"line":98,"column":12}}],"line":94},"4":{"loc":{"start":{"line":100,"column":9},"end":{"line":102,"column":9}},"type":"binary-expr","locations":[{"start":{"line":100,"column":9},"end":{"line":100,"column":45}},{"start":{"line":101,"column":10},"end":{"line":101,"column":79}}],"line":100},"5":{"loc":{"start":{"line":124,"column":22},"end":{"line":124,"column":77}},"type":"cond-expr","locations":[{"start":{"line":124,"column":40},"end":{"line":124,"column":56}},{"start":{"line":124,"column":59},"end":{"line":124,"column":77}}],"line":124},"6":{"loc":{"start":{"line":127,"column":22},"end":{"line":127,"column":77}},"type":"cond-expr","locations":[{"start":{"line":127,"column":40},"end":{"line":127,"column":56}},{"start":{"line":127,"column":59},"end":{"line":127,"column":77}}],"line":127},"7":{"loc":{"start":{"line":130,"column":22},"end":{"line":130,"column":77}},"type":"cond-expr","locations":[{"start":{"line":130,"column":40},"end":{"line":130,"column":56}},{"start":{"line":130,"column":59},"end":{"line":130,"column":77}}],"line":130},"8":{"loc":{"start":{"line":133,"column":22},"end":{"line":133,"column":77}},"type":"cond-expr","locations":[{"start":{"line":133,"column":40},"end":{"line":133,"column":56}},{"start":{"line":133,"column":59},"end":{"line":133,"column":77}}],"line":133}},"s":{"0":2,"1":2,"2":2,"3":2,"4":4,"5":4,"6":3,"7":3,"8":1,"9":5,"10":5,"11":0,"12":4,"13":2},"f":{"0":2,"1":4,"2":5,"3":0,"4":4},"b":{"0":[3,1],"1":[2,3],"2":[1,2],"3":[5,3],"4":[5,2],"5":[2,3],"6":[1,4],"7":[1,4],"8":[1,4]},"_coverageSchema":"1a1c01bbd47fc00a2c39e90264f33305004495a9","hash":"4ab00dbee44f3f4ddcaa4aae87a9c514e6bd27ce"}
,"/Users/trainingmentor01/Documents/amol/foodDeliveryApp/src/components/Otp.tsx": {"path":"/Users/trainingmentor01/Documents/amol/foodDeliveryApp/src/components/Otp.tsx","statementMap":{"0":{"start":{"line":14,"column":4},"end":{"line":53,"column":6}},"1":{"start":{"line":31,"column":14},"end":{"line":31,"column":36}},"2":{"start":{"line":37,"column":14},"end":{"line":37,"column":66}},"3":{"start":{"line":56,"column":15},"end":{"line":105,"column":2}}},"fnMap":{"0":{"name":"(anonymous_0)","decl":{"start":{"line":13,"column":2},"end":{"line":13,"column":3}},"loc":{"start":{"line":13,"column":11},"end":{"line":54,"column":3}},"line":13},"1":{"name":"(anonymous_1)","decl":{"start":{"line":30,"column":27},"end":{"line":30,"column":28}},"loc":{"start":{"line":30,"column":35},"end":{"line":32,"column":13}},"line":30},"2":{"name":"(anonymous_2)","decl":{"start":{"line":36,"column":26},"end":{"line":36,"column":27}},"loc":{"start":{"line":36,"column":34},"end":{"line":38,"column":13}},"line":36}},"branchMap":{},"s":{"0":0,"1":0,"2":0,"3":1},"f":{"0":0,"1":0,"2":0},"b":{},"_coverageSchema":"1a1c01bbd47fc00a2c39e90264f33305004495a9","hash":"3fad960a4f2205ceeb951722445c2330f4d36d39"}
,"/Users/trainingmentor01/Documents/amol/foodDeliveryApp/src/components/Register.tsx": {"path":"/Users/trainingmentor01/Documents/amol/foodDeliveryApp/src/components/Register.tsx","statementMap":{"0":{"start":{"line":27,"column":15},"end":{"line":27,"column":66}},"1":{"start":{"line":30,"column":4},"end":{"line":30,"column":17}},"2":{"start":{"line":31,"column":4},"end":{"line":39,"column":6}},"3":{"start":{"line":41,"column":18},"end":{"line":72,"column":3}},"4":{"start":{"line":43,"column":6},"end":{"line":43,"column":16}},"5":{"start":{"line":44,"column":21},"end":{"line":44,"column":35}},"6":{"start":{"line":45,"column":20},"end":{"line":45,"column":29}},"7":{"start":{"line":46,"column":21},"end":{"line":46,"column":66}},"8":{"start":{"line":47,"column":25},"end":{"line":47,"column":45}},"9":{"start":{"line":48,"column":25},"end":{"line":48,"column":45}},"10":{"start":{"line":49,"column":24},"end":{"line":49,"column":46}},"11":{"start":{"line":50,"column":31},"end":{"line":50,"column":60}},"12":{"start":{"line":51,"column":23},"end":{"line":51,"column":51}},"13":{"start":{"line":52,"column":24},"end":{"line":52,"column":54}},"14":{"start":{"line":53,"column":25},"end":{"line":53,"column":38}},"15":{"start":{"line":55,"column":4},"end":{"line":71,"column":5}},"16":{"start":{"line":56,"column":6},"end":{"line":68,"column":7}},"17":{"start":{"line":65,"column":8},"end":{"line":65,"column":46}},"18":{"start":{"line":67,"column":8},"end":{"line":67,"column":50}},"19":{"start":{"line":70,"column":6},"end":{"line":70,"column":55}},"20":{"start":{"line":74,"column":4},"end":{"line":209,"column":6}},"21":{"start":{"line":82,"column":29},"end":{"line":82,"column":59}},"22":{"start":{"line":95,"column":37},"end":{"line":95,"column":65}},"23":{"start":{"line":106,"column":35},"end":{"line":106,"column":64}},"24":{"start":{"line":120,"column":37},"end":{"line":120,"column":66}},"25":{"start":{"line":133,"column":14},"end":{"line":133,"column":46}},"26":{"start":{"line":139,"column":14},"end":{"line":139,"column":66}},"27":{"start":{"line":150,"column":14},"end":{"line":150,"column":53}},"28":{"start":{"line":156,"column":14},"end":{"line":156,"column":66}},"29":{"start":{"line":164,"column":14},"end":{"line":164,"column":52}},"30":{"start":{"line":169,"column":14},"end":{"line":169,"column":34}},"31":{"start":{"line":174,"column":14},"end":{"line":174,"column":26}},"32":{"start":{"line":182,"column":14},"end":{"line":185,"column":16}},"33":{"start":{"line":192,"column":16},"end":{"line":192,"column":67}},"34":{"start":{"line":204,"column":27},"end":{"line":204,"column":47}},"35":{"start":{"line":212,"column":15},"end":{"line":326,"column":2}}},"fnMap":{"0":{"name":"(anonymous_0)","decl":{"start":{"line":29,"column":2},"end":{"line":29,"column":3}},"loc":{"start":{"line":29,"column":36},"end":{"line":40,"column":3}},"line":29},"1":{"name":"(anonymous_1)","decl":{"start":{"line":41,"column":18},"end":{"line":41,"column":19}},"loc":{"start":{"line":41,"column":24},"end":{"line":72,"column":3}},"line":41},"2":{"name":"(anonymous_2)","decl":{"start":{"line":73,"column":2},"end":{"line":73,"column":3}},"loc":{"start":{"line":73,"column":11},"end":{"line":210,"column":3}},"line":73},"3":{"name":"(anonymous_3)","decl":{"start":{"line":82,"column":23},"end":{"line":82,"column":24}},"loc":{"start":{"line":82,"column":29},"end":{"line":82,"column":59}},"line":82},"4":{"name":"(anonymous_4)","decl":{"start":{"line":95,"column":28},"end":{"line":95,"column":29}},"loc":{"start":{"line":95,"column":37},"end":{"line":95,"column":65}},"line":95},"5":{"name":"(anonymous_5)","decl":{"start":{"line":106,"column":26},"end":{"line":106,"column":27}},"loc":{"start":{"line":106,"column":35},"end":{"line":106,"column":64}},"line":106},"6":{"name":"(anonymous_6)","decl":{"start":{"line":120,"column":28},"end":{"line":120,"column":29}},"loc":{"start":{"line":120,"column":37},"end":{"line":120,"column":66}},"line":120},"7":{"name":"(anonymous_7)","decl":{"start":{"line":132,"column":27},"end":{"line":132,"column":28}},"loc":{"start":{"line":132,"column":35},"end":{"line":134,"column":13}},"line":132},"8":{"name":"(anonymous_8)","decl":{"start":{"line":138,"column":26},"end":{"line":138,"column":27}},"loc":{"start":{"line":138,"column":34},"end":{"line":140,"column":13}},"line":138},"9":{"name":"(anonymous_9)","decl":{"start":{"line":149,"column":27},"end":{"line":149,"column":28}},"loc":{"start":{"line":149,"column":35},"end":{"line":151,"column":13}},"line":149},"10":{"name":"(anonymous_10)","decl":{"start":{"line":155,"column":26},"end":{"line":155,"column":27}},"loc":{"start":{"line":155,"column":34},"end":{"line":157,"column":13}},"line":155},"11":{"name":"(anonymous_11)","decl":{"start":{"line":163,"column":22},"end":{"line":163,"column":23}},"loc":{"start":{"line":163,"column":47},"end":{"line":165,"column":13}},"line":163},"12":{"name":"(anonymous_12)","decl":{"start":{"line":166,"column":38},"end":{"line":166,"column":39}},"loc":{"start":{"line":166,"column":63},"end":{"line":170,"column":13}},"line":166},"13":{"name":"(anonymous_13)","decl":{"start":{"line":171,"column":33},"end":{"line":171,"column":34}},"loc":{"start":{"line":171,"column":50},"end":{"line":175,"column":13}},"line":171},"14":{"name":"(anonymous_14)","decl":{"start":{"line":181,"column":32},"end":{"line":181,"column":33}},"loc":{"start":{"line":182,"column":14},"end":{"line":185,"column":16}},"line":182},"15":{"name":"(anonymous_15)","decl":{"start":{"line":191,"column":23},"end":{"line":191,"column":24}},"loc":{"start":{"line":192,"column":16},"end":{"line":192,"column":67}},"line":192},"16":{"name":"(anonymous_16)","decl":{"start":{"line":204,"column":21},"end":{"line":204,"column":22}},"loc":{"start":{"line":204,"column":27},"end":{"line":204,"column":47}},"line":204}},"branchMap":{"0":{"loc":{"start":{"line":52,"column":24},"end":{"line":52,"column":54}},"type":"binary-expr","locations":[{"start":{"line":52,"column":24},"end":{"line":52,"column":39}},{"start":{"line":52,"column":43},"end":{"line":52,"column":54}}],"line":52},"1":{"loc":{"start":{"line":55,"column":4},"end":{"line":71,"column":5}},"type":"if","locations":[{"start":{"line":55,"column":4},"end":{"line":71,"column":5}},{"start":{"line":69,"column":11},"end":{"line":71,"column":5}}],"line":55},"2":{"loc":{"start":{"line":56,"column":6},"end":{"line":68,"column":7}},"type":"if","locations":[{"start":{"line":56,"column":6},"end":{"line":68,"column":7}},{"start":{"line":66,"column":13},"end":{"line":68,"column":7}}],"line":56},"3":{"loc":{"start":{"line":57,"column":8},"end":{"line":63,"column":20}},"type":"binary-expr","locations":[{"start":{"line":57,"column":8},"end":{"line":57,"column":20}},{"start":{"line":58,"column":8},"end":{"line":58,"column":19}},{"start":{"line":59,"column":8},"end":{"line":59,"column":20}},{"start":{"line":60,"column":8},"end":{"line":60,"column":26}},{"start":{"line":61,"column":8},"end":{"line":61,"column":18}},{"start":{"line":62,"column":8},"end":{"line":62,"column":19}},{"start":{"line":63,"column":8},"end":{"line":63,"column":20}}],"line":57},"4":{"loc":{"start":{"line":194,"column":15},"end":{"line":198,"column":15}},"type":"binary-expr","locations":[{"start":{"line":194,"column":15},"end":{"line":194,"column":36}},{"start":{"line":195,"column":16},"end":{"line":197,"column":23}}],"line":194}},"s":{"0":1,"1":0,"2":0,"3":0,"4":0,"5":0,"6":0,"7":0,"8":0,"9":0,"10":0,"11":0,"12":0,"13":0,"14":0,"15":0,"16":0,"17":0,"18":0,"19":0,"20":0,"21":0,"22":0,"23":0,"24":0,"25":0,"26":0,"27":0,"28":0,"29":0,"30":0,"31":0,"32":0,"33":0,"34":0,"35":1},"f":{"0":0,"1":0,"2":0,"3":0,"4":0,"5":0,"6":0,"7":0,"8":0,"9":0,"10":0,"11":0,"12":0,"13":0,"14":0,"15":0,"16":0},"b":{"0":[0,0],"1":[0,0],"2":[0,0],"3":[0,0,0,0,0,0,0],"4":[0,0]},"_coverageSchema":"1a1c01bbd47fc00a2c39e90264f33305004495a9","hash":"780e20ffc1df8646fa7fc6443e330acd3120cdb1"}
,"/Users/trainingmentor01/Documents/amol/foodDeliveryApp/src/components/SplashScreen.tsx": {"path":"/Users/trainingmentor01/Documents/amol/foodDeliveryApp/src/components/SplashScreen.tsx","statementMap":{"0":{"start":{"line":13,"column":4},"end":{"line":15,"column":13}},"1":{"start":{"line":14,"column":6},"end":{"line":14,"column":50}},"2":{"start":{"line":18,"column":4},"end":{"line":32,"column":6}},"3":{"start":{"line":35,"column":15},"end":{"line":39,"column":2}}},"fnMap":{"0":{"name":"(anonymous_0)","decl":{"start":{"line":12,"column":2},"end":{"line":12,"column":3}},"loc":{"start":{"line":12,"column":28},"end":{"line":16,"column":3}},"line":12},"1":{"name":"(anonymous_1)","decl":{"start":{"line":13,"column":15},"end":{"line":13,"column":16}},"loc":{"start":{"line":13,"column":21},"end":{"line":15,"column":5}},"line":13},"2":{"name":"(anonymous_2)","decl":{"start":{"line":17,"column":2},"end":{"line":17,"column":3}},"loc":{"start":{"line":17,"column":11},"end":{"line":33,"column":3}},"line":17}},"branchMap":{},"s":{"0":2,"1":1,"2":2,"3":2},"f":{"0":2,"1":1,"2":2},"b":{},"_coverageSchema":"1a1c01bbd47fc00a2c39e90264f33305004495a9","hash":"c7fa0f9c68dc7886f19e32576ceb689961114a11"}
,"/Users/trainingmentor01/Documents/amol/foodDeliveryApp/src/constants/ScreenDimentions.tsx": {"path":"/Users/trainingmentor01/Documents/amol/foodDeliveryApp/src/constants/ScreenDimentions.tsx","statementMap":{"0":{"start":{"line":3,"column":31},"end":{"line":3,"column":55}}},"fnMap":{},"branchMap":{},"s":{"0":3},"f":{},"b":{},"_coverageSchema":"1a1c01bbd47fc00a2c39e90264f33305004495a9","hash":"d7be55806467eb626927e08598cccb4d97dbf64a"}
,"/Users/trainingmentor01/Documents/amol/foodDeliveryApp/src/navigations/AuthNav.tsx": {"path":"/Users/trainingmentor01/Documents/amol/foodDeliveryApp/src/navigations/AuthNav.tsx","statementMap":{"0":{"start":{"line":9,"column":14},"end":{"line":9,"column":36}},"1":{"start":{"line":13,"column":4},"end":{"line":22,"column":6}}},"fnMap":{"0":{"name":"(anonymous_0)","decl":{"start":{"line":12,"column":2},"end":{"line":12,"column":3}},"loc":{"start":{"line":12,"column":11},"end":{"line":23,"column":3}},"line":12}},"branchMap":{},"s":{"0":1,"1":1},"f":{"0":1},"b":{},"_coverageSchema":"1a1c01bbd47fc00a2c39e90264f33305004495a9","hash":"9f3e24b5c0cbaa0b659c89f039141a0168f7fbf8"}
}
