TN:
SF:src/assets/backImg.png
FNF:0
FNH:0
DA:1,1
LF:1
LH:1
BRF:0
BRH:0
end_of_record
TN:
SF:src/assets/bigBurger.png
FNF:0
FNH:0
DA:1,2
LF:1
LH:1
BRF:0
BRH:0
end_of_record
TN:
SF:src/assets/deliveryMan.png
FNF:0
FNH:0
DA:1,2
LF:1
LH:1
BRF:0
BRH:0
end_of_record
TN:
SF:src/assets/fourthBkg.png
FNF:0
FNH:0
DA:1,2
LF:1
LH:1
BRF:0
BRH:0
end_of_record
TN:
SF:src/assets/onbordBkgImgChef.png
FNF:0
FNH:0
DA:1,2
LF:1
LH:1
BRF:0
BRH:0
end_of_record
TN:
SF:src/assets/onbordBkgImgOne.png
FNF:0
FNH:0
DA:1,2
LF:1
LH:1
BRF:0
BRH:0
end_of_record
TN:
SF:src/assets/rightArrow.png
FNF:0
FNH:0
DA:1,1
LF:1
LH:1
BRF:0
BRH:0
end_of_record
TN:
SF:src/assets/skip.png
FNF:0
FNH:0
DA:1,1
LF:1
LH:1
BRF:0
BRH:0
end_of_record
TN:
SF:src/assets/splashImgOne.png
FNF:0
FNH:0
DA:1,1
LF:1
LH:1
BRF:0
BRH:0
end_of_record
TN:
SF:src/assets/splashImgTwo.png
FNF:0
FNH:0
DA:1,1
LF:1
LH:1
BRF:0
BRH:0
end_of_record
TN:
SF:src/assets/thirdBkg.png
FNF:0
FNH:0
DA:1,2
LF:1
LH:1
BRF:0
BRH:0
end_of_record
TN:
SF:src/components/AllowLocation.tsx
FN:5,(anonymous_0)
FNF:1
FNH:0
FNDA:0,(anonymous_0)
DA:6,0
DA:25,1
LF:2
LH:1
BRF:0
BRH:0
end_of_record
TN:
SF:src/components/Login.tsx
FN:24,(anonymous_0)
FN:28,(anonymous_1)
FN:47,(anonymous_2)
FN:66,(anonymous_3)
FN:77,(anonymous_4)
FN:83,(anonymous_5)
FN:93,(anonymous_6)
FN:114,(anonymous_7)
FN:128,(anonymous_8)
FN:133,(anonymous_9)
FNF:10
FNH:0
FNDA:0,(anonymous_0)
FNDA:0,(anonymous_1)
FNDA:0,(anonymous_2)
FNDA:0,(anonymous_3)
FNDA:0,(anonymous_4)
FNDA:0,(anonymous_5)
FNDA:0,(anonymous_6)
FNDA:0,(anonymous_7)
FNDA:0,(anonymous_8)
FNDA:0,(anonymous_9)
DA:25,0
DA:26,0
DA:28,0
DA:34,0
DA:35,0
DA:37,0
DA:38,0
DA:39,0
DA:40,0
DA:41,0
DA:42,0
DA:44,0
DA:50,0
DA:66,0
DA:78,0
DA:84,0
DA:93,0
DA:114,0
DA:128,0
DA:133,0
DA:142,1
LF:21
LH:1
BRDA:41,0,0,0
BRDA:41,0,1,0
BRDA:41,1,0,0
BRDA:41,1,1,0
BRDA:95,2,0,0
BRDA:95,2,1,0
BRDA:99,3,0,0
BRDA:99,3,1,0
BRDA:110,4,0,0
BRDA:110,4,1,0
BRDA:117,5,0,0
BRDA:117,5,1,0
BRF:12
BRH:0
end_of_record
TN:
SF:src/components/Onbording.tsx
FN:48,(anonymous_0)
FN:66,(anonymous_1)
FN:75,(anonymous_2)
FN:90,(anonymous_3)
FN:108,(anonymous_4)
FNF:5
FNH:4
FNDA:2,(anonymous_0)
FNDA:4,(anonymous_1)
FNDA:5,(anonymous_2)
FNDA:0,(anonymous_3)
FNDA:4,(anonymous_4)
DA:11,2
DA:49,2
DA:50,2
DA:66,2
DA:67,4
DA:68,4
DA:69,3
DA:70,3
DA:72,1
DA:76,5
DA:77,5
DA:90,0
DA:108,4
DA:141,2
LF:14
LH:13
BRDA:68,0,0,3
BRDA:68,0,1,1
BRDA:84,1,0,2
BRDA:84,1,1,3
BRDA:84,2,0,1
BRDA:84,2,1,2
BRDA:94,3,0,5
BRDA:94,3,1,3
BRDA:100,4,0,5
BRDA:100,4,1,2
BRDA:124,5,0,2
BRDA:124,5,1,3
BRDA:127,6,0,1
BRDA:127,6,1,4
BRDA:130,7,0,1
BRDA:130,7,1,4
BRDA:133,8,0,1
BRDA:133,8,1,4
BRF:18
BRH:18
end_of_record
TN:
SF:src/components/Otp.tsx
FN:13,(anonymous_0)
FN:30,(anonymous_1)
FN:36,(anonymous_2)
FNF:3
FNH:0
FNDA:0,(anonymous_0)
FNDA:0,(anonymous_1)
FNDA:0,(anonymous_2)
DA:14,0
DA:31,0
DA:37,0
DA:56,1
LF:4
LH:1
BRF:0
BRH:0
end_of_record
TN:
SF:src/components/Register.tsx
FN:29,(anonymous_0)
FN:41,(anonymous_1)
FN:73,(anonymous_2)
FN:82,(anonymous_3)
FN:95,(anonymous_4)
FN:106,(anonymous_5)
FN:120,(anonymous_6)
FN:132,(anonymous_7)
FN:138,(anonymous_8)
FN:149,(anonymous_9)
FN:155,(anonymous_10)
FN:163,(anonymous_11)
FN:166,(anonymous_12)
FN:171,(anonymous_13)
FN:181,(anonymous_14)
FN:191,(anonymous_15)
FN:204,(anonymous_16)
FNF:17
FNH:0
FNDA:0,(anonymous_0)
FNDA:0,(anonymous_1)
FNDA:0,(anonymous_2)
FNDA:0,(anonymous_3)
FNDA:0,(anonymous_4)
FNDA:0,(anonymous_5)
FNDA:0,(anonymous_6)
FNDA:0,(anonymous_7)
FNDA:0,(anonymous_8)
FNDA:0,(anonymous_9)
FNDA:0,(anonymous_10)
FNDA:0,(anonymous_11)
FNDA:0,(anonymous_12)
FNDA:0,(anonymous_13)
FNDA:0,(anonymous_14)
FNDA:0,(anonymous_15)
FNDA:0,(anonymous_16)
DA:27,1
DA:30,0
DA:31,0
DA:41,0
DA:43,0
DA:44,0
DA:45,0
DA:46,0
DA:47,0
DA:48,0
DA:49,0
DA:50,0
DA:51,0
DA:52,0
DA:53,0
DA:55,0
DA:56,0
DA:65,0
DA:67,0
DA:70,0
DA:74,0
DA:82,0
DA:95,0
DA:106,0
DA:120,0
DA:133,0
DA:139,0
DA:150,0
DA:156,0
DA:164,0
DA:169,0
DA:174,0
DA:182,0
DA:192,0
DA:204,0
DA:212,1
LF:36
LH:2
BRDA:52,0,0,0
BRDA:52,0,1,0
BRDA:55,1,0,0
BRDA:55,1,1,0
BRDA:56,2,0,0
BRDA:56,2,1,0
BRDA:57,3,0,0
BRDA:57,3,1,0
BRDA:57,3,2,0
BRDA:57,3,3,0
BRDA:57,3,4,0
BRDA:57,3,5,0
BRDA:57,3,6,0
BRDA:194,4,0,0
BRDA:194,4,1,0
BRF:15
BRH:0
end_of_record
TN:
SF:src/components/SplashScreen.tsx
FN:12,(anonymous_0)
FN:13,(anonymous_1)
FN:17,(anonymous_2)
FNF:3
FNH:3
FNDA:2,(anonymous_0)
FNDA:1,(anonymous_1)
FNDA:2,(anonymous_2)
DA:13,2
DA:14,1
DA:18,2
DA:35,2
LF:4
LH:4
BRF:0
BRH:0
end_of_record
TN:
SF:src/constants/ScreenDimentions.tsx
FNF:0
FNH:0
DA:3,3
LF:1
LH:1
BRF:0
BRH:0
end_of_record
TN:
SF:src/navigations/AuthNav.tsx
FN:12,(anonymous_0)
FNF:1
FNH:1
FNDA:1,(anonymous_0)
DA:9,1
DA:13,1
LF:2
LH:2
BRF:0
BRH:0
end_of_record
